<?xml version="1.0" encoding="UTF-8"?>
<!-- Generated by org.testng.reporters.JUnitReportReporter -->
<testsuite hostname="LAPTOP-AHR2CD7I" failures="0" tests="1" name="test.login" time="15.721" errors="0" timestamp="2022-05-11T09:43:29 IST" skipped="0">
  <testcase classname="test.login" name="loginwithvalidcredentials" time="15.721"/>
  <system-out/>
</testsuite> <!-- test.login -->
