<?xml version="1.0" encoding="UTF-8"?>
<!-- Generated by org.testng.reporters.JUnitReportReporter -->
<testsuite hostname="LAPTOP-AHR2CD7I" failures="0" tests="1" name="test.homepagetest" time="11.554" errors="0" timestamp="2022-05-11T11:21:23 IST" skipped="0">
  <testcase classname="test.homepagetest" name="selectstockfromlistbyfor" time="11.554"/>
  <system-out/>
</testsuite> <!-- test.homepagetest -->
